<?xml version="1.0" encoding="UTF-8"?>
<!-- Generated by org.testng.reporters.JUnitReportReporter -->
<testsuite skipped="0" hostname="Hasee-PC" name="loginpage.TestScript" tests="5" failures="0" timestamp="2020-11-30T13:35:03 IST" time="1.162" errors="0">
  <testcase name="ValidateEmail" time="0.377" classname="loginpage.TestScript"/>
  <system-out/>
  <testcase name="ValidateUrl" time="0.020" classname="loginpage.TestScript"/>
  <system-out/>
  <testcase name="ValidatePass" time="0.474" classname="loginpage.TestScript"/>
  <system-out/>
  <testcase name="ValidateTitle" time="0.035" classname="loginpage.TestScript"/>
  <system-out/>
  <testcase name="ValidateCreate" time="0.256" classname="loginpage.TestScript"/>
  <system-out/>
</testsuite> <!-- loginpage.TestScript -->
