<?xml version="1.0" encoding="UTF-8"?>
<!-- Generated by org.testng.reporters.JUnitReportReporter -->
<testsuite skipped="0" hostname="Hasee-PC" name="loginpage.TestScript" tests="5" failures="0" timestamp="2020-12-02T11:51:14 IST" time="4.512" errors="0">
  <testcase name="ValidateTitle" time="0.130" classname="loginpage.TestScript"/>
  <system-out/>
  <testcase name="ValidateUrl" time="0.054" classname="loginpage.TestScript"/>
  <system-out/>
  <testcase name="ValidatePass" time="0.840" classname="loginpage.TestScript"/>
  <system-out/>
  <testcase name="ValidateCreate" time="2.515" classname="loginpage.TestScript"/>
  <system-out/>
  <testcase name="ValidateEmail" time="0.973" classname="loginpage.TestScript"/>
  <system-out/>
</testsuite> <!-- loginpage.TestScript -->
